

CmdLine:	C:\Users\NJ\IntelliJIDEAProjects\pathfinder\out\artifacts\pathfinder_jar\pathfinder.exe --l4j-debug
WOW64:		yes
Check launcher:	 (n/a)
64-bit search:	SOFTWARE\JavaSoft\Java Runtime Environment...
Ignore:		SOFTWARE\JavaSoft\Java Runtime Environment\1.8
Match:		SOFTWARE\JavaSoft\Java Runtime Environment\1.8.0_192
Using 64-bit runtime.
64-bit search:	SOFTWARE\JavaSoft\Java Development Kit...
Ignore:		SOFTWARE\JavaSoft\Java Development Kit\1.8
Ignore:		SOFTWARE\JavaSoft\Java Development Kit\1.8.0_192
Using 64-bit runtime.
Check launcher:	C:\Program Files\Java\jre1.8.0_192\bin\javaw.exe (OK)
Launcher:	C:\Program Files\Java\jre1.8.0_192\bin\javaw.exe
Launcher args:	-jar "C:\Users\NJ\IntelliJIDEAProjects\pathfinder\out\artifacts\pathfinder_jar\pathfinder.exe"
Args length:	94/32768 chars
Exit code:	0


CmdLine:	C:\Users\NJ\IntelliJIDEAProjects\pathfinder\out\artifacts\pathfinder_jar\pathfinder.exe --l4j-debug
WOW64:		yes
Check launcher:	 (n/a)
64-bit search:	SOFTWARE\JavaSoft\Java Runtime Environment...
Ignore:		SOFTWARE\JavaSoft\Java Runtime Environment\1.8
Match:		SOFTWARE\JavaSoft\Java Runtime Environment\1.8.0_192
Using 64-bit runtime.
64-bit search:	SOFTWARE\JavaSoft\Java Development Kit...
Ignore:		SOFTWARE\JavaSoft\Java Development Kit\1.8
Ignore:		SOFTWARE\JavaSoft\Java Development Kit\1.8.0_192
Using 64-bit runtime.
Check launcher:	C:\Program Files\Java\jre1.8.0_192\bin\javaw.exe (OK)
Launcher:	C:\Program Files\Java\jre1.8.0_192\bin\javaw.exe
Launcher args:	-jar "C:\Users\NJ\IntelliJIDEAProjects\pathfinder\out\artifacts\pathfinder_jar\pathfinder.exe"
Args length:	94/32768 chars
Exit code:	0


CmdLine:	C:\Users\NJ\IntelliJIDEAProjects\pathfinder\out\artifacts\pathfinder_jar\pathfinder.exe --l4j-debug
WOW64:		yes
Check launcher:	 (n/a)
64-bit search:	SOFTWARE\JavaSoft\Java Runtime Environment...
Ignore:		SOFTWARE\JavaSoft\Java Runtime Environment\1.8
Match:		SOFTWARE\JavaSoft\Java Runtime Environment\1.8.0_192
Using 64-bit runtime.
64-bit search:	SOFTWARE\JavaSoft\Java Development Kit...
Ignore:		SOFTWARE\JavaSoft\Java Development Kit\1.8
Ignore:		SOFTWARE\JavaSoft\Java Development Kit\1.8.0_192
Using 64-bit runtime.
Check launcher:	C:\Program Files\Java\jre1.8.0_192\bin\javaw.exe (OK)
Launcher:	C:\Program Files\Java\jre1.8.0_192\bin\javaw.exe
Launcher args:	-jar "C:\Users\NJ\IntelliJIDEAProjects\pathfinder\out\artifacts\pathfinder_jar\pathfinder.exe"
Args length:	94/32768 chars
Exit code:	0


CmdLine:	C:\Users\NJ\IntelliJIDEAProjects\pathfinder\out\artifacts\pathfinder_jar\pathfinder.exe --l4j-debug
WOW64:		yes
Check launcher:	 (n/a)
64-bit search:	SOFTWARE\JavaSoft\Java Runtime Environment...
Ignore:		SOFTWARE\JavaSoft\Java Runtime Environment\1.8
Match:		SOFTWARE\JavaSoft\Java Runtime Environment\1.8.0_192
Using 64-bit runtime.
64-bit search:	SOFTWARE\JavaSoft\Java Development Kit...
Ignore:		SOFTWARE\JavaSoft\Java Development Kit\1.8
Ignore:		SOFTWARE\JavaSoft\Java Development Kit\1.8.0_192
Using 64-bit runtime.
Check launcher:	C:\Program Files\Java\jre1.8.0_192\bin\javaw.exe (OK)
Launcher:	C:\Program Files\Java\jre1.8.0_192\bin\javaw.exe
Launcher args:	-jar "C:\Users\NJ\IntelliJIDEAProjects\pathfinder\out\artifacts\pathfinder_jar\pathfinder.exe" dfs graph.txt
Args length:	108/32768 chars
Exit code:	0


CmdLine:	C:\Users\NJ\IntelliJIDEAProjects\pathfinder\out\artifacts\pathfinder_jar\pathfinder.exe --l4j-debug
WOW64:		yes
Check launcher:	 (n/a)
64-bit search:	SOFTWARE\JavaSoft\Java Runtime Environment...
Ignore:		SOFTWARE\JavaSoft\Java Runtime Environment\1.8
Match:		SOFTWARE\JavaSoft\Java Runtime Environment\1.8.0_192
Using 64-bit runtime.
64-bit search:	SOFTWARE\JavaSoft\Java Development Kit...
Ignore:		SOFTWARE\JavaSoft\Java Development Kit\1.8
Ignore:		SOFTWARE\JavaSoft\Java Development Kit\1.8.0_192
Using 64-bit runtime.
Check launcher:	C:\Program Files\Java\jre1.8.0_192\bin\javaw.exe (OK)
Launcher:	C:\Program Files\Java\jre1.8.0_192\bin\javaw.exe
Launcher args:	-jar "C:\Users\NJ\IntelliJIDEAProjects\pathfinder\out\artifacts\pathfinder_jar\pathfinder.exe" dfs "graph.txt"
Args length:	110/32768 chars
Exit code:	0


CmdLine:	C:\Users\NJ\IntelliJIDEAProjects\pathfinder\out\artifacts\pathfinder_jar\pathfinder.exe --l4j-debug
WOW64:		yes
Check launcher:	 (n/a)
64-bit search:	SOFTWARE\JavaSoft\Java Runtime Environment...
Ignore:		SOFTWARE\JavaSoft\Java Runtime Environment\1.8
Match:		SOFTWARE\JavaSoft\Java Runtime Environment\1.8.0_192
Using 64-bit runtime.
64-bit search:	SOFTWARE\JavaSoft\Java Development Kit...
Ignore:		SOFTWARE\JavaSoft\Java Development Kit\1.8
Ignore:		SOFTWARE\JavaSoft\Java Development Kit\1.8.0_192
Using 64-bit runtime.
Check launcher:	C:\Program Files\Java\jre1.8.0_192\bin\javaw.exe (OK)
Unlink:		C:\Program Files\Java\jre1.8.0_192\launch4j-tmp\pathfinder.exe
Unlink:		C:\Program Files\Java\jre1.8.0_192\launch4j-tmp\pathfinder.exe.manifest
Copy:		C:\Program Files\Java\jre1.8.0_192\bin\javaw.exe -> C:\Program Files\Java\jre1.8.0_192\launch4j-tmp\pathfinder.exe
Reusing:		C:\Program Files\Java\jre1.8.0_192\launch4j-tmp\pathfinder.exe
Launcher:	C:\Program Files\Java\jre1.8.0_192\launch4j-tmp\pathfinder.exe
Launcher args:	-jar "C:\Users\NJ\IntelliJIDEAProjects\pathfinder\out\artifacts\pathfinder_jar\pathfinder.exe" dfs "pathfinder_jar\graph.txt"
Args length:	125/32768 chars
Exit code:	0


CmdLine:	C:\Users\NJ\IntelliJIDEAProjects\pathfinder\out\artifacts\pathfinder_jar\pathfinder.exe --l4j-debug
WOW64:		yes
Check launcher:	 (n/a)
64-bit search:	SOFTWARE\JavaSoft\Java Runtime Environment...
Ignore:		SOFTWARE\JavaSoft\Java Runtime Environment\1.8
Match:		SOFTWARE\JavaSoft\Java Runtime Environment\1.8.0_192
Using 64-bit runtime.
64-bit search:	SOFTWARE\JavaSoft\Java Development Kit...
Ignore:		SOFTWARE\JavaSoft\Java Development Kit\1.8
Ignore:		SOFTWARE\JavaSoft\Java Development Kit\1.8.0_192
Using 64-bit runtime.
Check launcher:	C:\Program Files\Java\jre1.8.0_192\bin\javaw.exe (OK)
Unlink:		C:\Program Files\Java\jre1.8.0_192\launch4j-tmp\pathfinder.exe
Unlink:		C:\Program Files\Java\jre1.8.0_192\launch4j-tmp\pathfinder.exe.manifest
Copy:		C:\Program Files\Java\jre1.8.0_192\bin\javaw.exe -> C:\Program Files\Java\jre1.8.0_192\launch4j-tmp\pathfinder.exe
Reusing:		C:\Program Files\Java\jre1.8.0_192\launch4j-tmp\pathfinder.exe
Launcher:	C:\Program Files\Java\jre1.8.0_192\launch4j-tmp\pathfinder.exe
Launcher args:	-jar "C:\Users\NJ\IntelliJIDEAProjects\pathfinder\out\artifacts\pathfinder_jar\pathfinder.exe" dfs "scr\graph.txt"
Args length:	114/32768 chars
Exit code:	0


CmdLine:	C:\Users\NJ\IntelliJIDEAProjects\pathfinder\out\artifacts\pathfinder_jar\pathfinder.exe --l4j-debug
WOW64:		yes
Check launcher:	 (n/a)
64-bit search:	SOFTWARE\JavaSoft\Java Runtime Environment...
Ignore:		SOFTWARE\JavaSoft\Java Runtime Environment\1.8
Match:		SOFTWARE\JavaSoft\Java Runtime Environment\1.8.0_192
Using 64-bit runtime.
64-bit search:	SOFTWARE\JavaSoft\Java Development Kit...
Ignore:		SOFTWARE\JavaSoft\Java Development Kit\1.8
Ignore:		SOFTWARE\JavaSoft\Java Development Kit\1.8.0_192
Using 64-bit runtime.
Check launcher:	C:\Program Files\Java\jre1.8.0_192\bin\javaw.exe (OK)
Unlink:		C:\Program Files\Java\jre1.8.0_192\launch4j-tmp\pathfinder.exe
Unlink:		C:\Program Files\Java\jre1.8.0_192\launch4j-tmp\pathfinder.exe.manifest
Copy:		C:\Program Files\Java\jre1.8.0_192\bin\javaw.exe -> C:\Program Files\Java\jre1.8.0_192\launch4j-tmp\pathfinder.exe
Reusing:		C:\Program Files\Java\jre1.8.0_192\launch4j-tmp\pathfinder.exe
Launcher:	C:\Program Files\Java\jre1.8.0_192\launch4j-tmp\pathfinder.exe
Launcher args:	-jar "C:\Users\NJ\IntelliJIDEAProjects\pathfinder\out\artifacts\pathfinder_jar\pathfinder.exe" dfs "src\graph.txt"
Args length:	114/32768 chars
Exit code:	0


CmdLine:	C:\Users\NJ\IntelliJIDEAProjects\pathfinder\out\artifacts\pathfinder_jar\pathfinder.exe --l4j-debug
WOW64:		yes
Check launcher:	 (n/a)
64-bit search:	SOFTWARE\JavaSoft\Java Runtime Environment...
Ignore:		SOFTWARE\JavaSoft\Java Runtime Environment\1.8
Match:		SOFTWARE\JavaSoft\Java Runtime Environment\1.8.0_192
Using 64-bit runtime.
64-bit search:	SOFTWARE\JavaSoft\Java Development Kit...
Ignore:		SOFTWARE\JavaSoft\Java Development Kit\1.8
Ignore:		SOFTWARE\JavaSoft\Java Development Kit\1.8.0_192
Using 64-bit runtime.
Check launcher:	C:\Program Files\Java\jre1.8.0_192\bin\javaw.exe (OK)
Unlink:		C:\Program Files\Java\jre1.8.0_192\launch4j-tmp\pathfinder.exe
Unlink:		C:\Program Files\Java\jre1.8.0_192\launch4j-tmp\pathfinder.exe.manifest
Copy:		C:\Program Files\Java\jre1.8.0_192\bin\javaw.exe -> C:\Program Files\Java\jre1.8.0_192\launch4j-tmp\pathfinder.exe
Reusing:		C:\Program Files\Java\jre1.8.0_192\launch4j-tmp\pathfinder.exe
Launcher:	C:\Program Files\Java\jre1.8.0_192\launch4j-tmp\pathfinder.exe
Launcher args:	-jar "C:\Users\NJ\IntelliJIDEAProjects\pathfinder\out\artifacts\pathfinder_jar\pathfinder.exe"
Args length:	94/32768 chars
Exit code:	0
